0 info it worked if it ends with ok
1 verbose cli [ '/usr/local/bin/node', '/usr/local/bin/npm', 'publish' ]
2 info using npm@3.3.12
3 info using node@v5.3.0
4 verbose publish [ '.' ]
5 silly cache add args [ '.', null ]
6 verbose cache add spec .
7 silly cache add parsed spec Result {
7 silly cache add   raw: '.',
7 silly cache add   scope: null,
7 silly cache add   name: null,
7 silly cache add   rawSpec: '.',
7 silly cache add   spec: '/Users/Alex/Documents/ProjectWorkspace/npm-modules/node-gat-blac-api',
7 silly cache add   type: 'directory' }
8 verbose addLocalDirectory /Users/Alex/.npm/node-gat-blac-api/1.0.0/package.tgz not in flight; packing
9 info lifecycle node-gat-blac-api@1.0.0~prepublish: node-gat-blac-api@1.0.0
10 silly lifecycle node-gat-blac-api@1.0.0~prepublish: no script for prepublish, continuing
11 verbose tar pack [ '/Users/Alex/.npm/node-gat-blac-api/1.0.0/package.tgz',
11 verbose tar pack   '/Users/Alex/Documents/ProjectWorkspace/npm-modules/node-gat-blac-api' ]
12 verbose tarball /Users/Alex/.npm/node-gat-blac-api/1.0.0/package.tgz
13 verbose folder /Users/Alex/Documents/ProjectWorkspace/npm-modules/node-gat-blac-api
14 verbose addLocalTarball adding from inside cache /Users/Alex/.npm/node-gat-blac-api/1.0.0/package.tgz
15 silly cache afterAdd node-gat-blac-api@1.0.0
16 verbose afterAdd /Users/Alex/.npm/node-gat-blac-api/1.0.0/package/package.json not in flight; writing
17 verbose afterAdd /Users/Alex/.npm/node-gat-blac-api/1.0.0/package/package.json written
18 silly publish { name: 'node-gat-blac-api',
18 silly publish   version: '1.0.0',
18 silly publish   description: 'Node.js module to interact with official Gat-Blac Api',
18 silly publish   main: 'index.js',
18 silly publish   scripts: { test: 'mocha --reporter spec' },
18 silly publish   repository:
18 silly publish    { type: 'git',
18 silly publish      url: 'https://github.com/Gat-Blac/node-gat-blac-api.git' },
18 silly publish   keywords: [ 'gat-blac' ],
18 silly publish   author:
18 silly publish    { name: 'Gat-Blac',
18 silly publish      email: 'contact@gat-blac.com',
18 silly publish      url: 'http://gat-blac.com' },
18 silly publish   license: 'MIT',
18 silly publish   bugs: { url: 'https://github.com/Gat-Blac/node-gat-blac-api/issues' },
18 silly publish   homepage: 'https://github.com/Gat-Blac/node-gat-blac-api',
18 silly publish   devDependencies: { chai: '^3.5.0', mocha: '^2.4.5' },
18 silly publish   dependencies: { events: '^1.1.0', request: '^2.69.0', util: '^0.10.3' },
18 silly publish   readme: '#node-gat-blac-api\n=========\n\n[![npm package](https://nodei.co/npm/node-gat-blac-api.png?downloads=true&downloadRank=true&stars=true)](https://nodei.co/npm/node-gat-blac-api/)\n\nA library providing methods to use all gat-blac apis\n\n## Installation\n\n  npm install node-gat-blac-api --save\n\n## Usage\n\n\n## Tests\n\n  npm test\n\n## Release History\n\n* 1.0.0 Initial release\n',
18 silly publish   readmeFilename: 'README.md',
18 silly publish   gitHead: 'c7fdbc57c0b96639dfe9fdc9d583c2c836635f5c',
18 silly publish   _id: 'node-gat-blac-api@1.0.0',
18 silly publish   _shasum: 'd6ce94c72f3ab20b87a41664c2b29ecd3adcabe1',
18 silly publish   _from: '.' }
19 verbose getPublishConfig undefined
20 silly mapToRegistry name node-gat-blac-api
21 silly mapToRegistry using default registry
22 silly mapToRegistry registry https://registry.npmjs.org/
23 silly mapToRegistry uri https://registry.npmjs.org/node-gat-blac-api
24 verbose publish registryBase https://registry.npmjs.org/
25 silly publish uploading /Users/Alex/.npm/node-gat-blac-api/1.0.0/package.tgz
26 verbose request uri https://registry.npmjs.org/node-gat-blac-api
27 verbose request sending authorization for write operation
28 info attempt registry request try #1 at 2:12:11 AM
29 verbose request using bearer token for auth
30 verbose request id 80ff39b491eb77c2
31 http request PUT https://registry.npmjs.org/node-gat-blac-api
32 http 403 https://registry.npmjs.org/node-gat-blac-api
33 verbose headers { 'content-type': 'application/json',
33 verbose headers   'cache-control': 'max-age=300',
33 verbose headers   'content-length': '95',
33 verbose headers   'accept-ranges': 'bytes',
33 verbose headers   date: 'Mon, 29 Feb 2016 05:06:06 GMT',
33 verbose headers   via: '1.1 varnish',
33 verbose headers   connection: 'keep-alive',
33 verbose headers   'x-served-by': 'cache-jfk1022-JFK',
33 verbose headers   'x-cache': 'MISS',
33 verbose headers   'x-cache-hits': '0',
33 verbose headers   'x-timer': 'S1456722366.172598,VS0,VE688' }
34 verbose request invalidating /Users/Alex/.npm/registry.npmjs.org/node-gat-blac-api on PUT
35 error publish Failed PUT 403
36 verbose stack Error: "You cannot publish over the previously published version 1.0.0." : node-gat-blac-api
36 verbose stack     at makeError (/usr/local/lib/node_modules/npm/node_modules/npm-registry-client/lib/request.js:264:12)
36 verbose stack     at CachingRegistryClient.<anonymous> (/usr/local/lib/node_modules/npm/node_modules/npm-registry-client/lib/request.js:252:14)
36 verbose stack     at Request._callback (/usr/local/lib/node_modules/npm/node_modules/npm-registry-client/lib/request.js:172:14)
36 verbose stack     at Request.self.callback (/usr/local/lib/node_modules/npm/node_modules/request/request.js:198:22)
36 verbose stack     at emitTwo (events.js:87:13)
36 verbose stack     at Request.emit (events.js:172:7)
36 verbose stack     at Request.<anonymous> (/usr/local/lib/node_modules/npm/node_modules/request/request.js:1082:10)
36 verbose stack     at emitOne (events.js:82:20)
36 verbose stack     at Request.emit (events.js:169:7)
36 verbose stack     at IncomingMessage.<anonymous> (/usr/local/lib/node_modules/npm/node_modules/request/request.js:1009:12)
37 verbose statusCode 403
38 verbose pkgid node-gat-blac-api
39 verbose cwd /Users/Alex/Documents/ProjectWorkspace/npm-modules/node-gat-blac-api
40 error Darwin 15.2.0
41 error argv "/usr/local/bin/node" "/usr/local/bin/npm" "publish"
42 error node v5.3.0
43 error npm  v3.3.12
44 error code E403
45 error "You cannot publish over the previously published version 1.0.0." : node-gat-blac-api
46 error If you need help, you may report this error at:
46 error     <https://github.com/npm/npm/issues>
47 verbose exit [ 1, true ]
